[    0.000000] Initializing cgroup subsys cpuset
[    0.000000] Initializing cgroup subsys cpu
[    0.000000] Initializing cgroup subsys cpuacct
[    0.000000] Linux version 4.4.0-210-generic (buildd@lgw01-amd64-009) (gcc version 5.4.0 20160609 (Ubuntu 5.4.0-6ubuntu1~16.04.12) ) #242-Ubuntu SMP Fri Apr 16 09:57:56 UTC 2021 (Ubuntu 4.4.0-210.242-generic 4.4.262)
[    0.000000] Command line: BOOT_IMAGE=/boot/vmlinuz-4.4.0-210-generic root=LABEL=cloudimg-rootfs ro console=tty1 console=ttyS0
[    0.000000] KERNEL supported cpus:
[    0.000000]   Intel GenuineIntel
[    0.000000]   AMD AuthenticAMD
[    0.000000]   Centaur CentaurHauls
[    0.000000] x86/fpu: xstate_offset[2]:  576, xstate_sizes[2]:  256
[    0.000000] x86/fpu: Supporting XSAVE feature 0x01: 'x87 floating point registers'
[    0.000000] x86/fpu: Supporting XSAVE feature 0x02: 'SSE registers'
[    0.000000] x86/fpu: Supporting XSAVE feature 0x04: 'AVX registers'
[    0.000000] x86/fpu: Enabled xstate features 0x7, context size is 832 bytes, using 'standard' format.
[    0.000000] e820: BIOS-provided physical RAM map:
[    0.000000] BIOS-e820: [mem 0x0000000000000000-0x000000000009fbff] usable
[    0.000000] BIOS-e820: [mem 0x000000000009fc00-0x000000000009ffff] reserved
[    0.000000] BIOS-e820: [mem 0x00000000000f0000-0x00000000000fffff] reserved
[    0.000000] BIOS-e820: [mem 0x0000000000100000-0x000000003ffeffff] usable
[    0.000000] BIOS-e820: [mem 0x000000003fff0000-0x000000003fffffff] ACPI data
[    0.000000] BIOS-e820: [mem 0x00000000fec00000-0x00000000fec00fff] reserved
[    0.000000] BIOS-e820: [mem 0x00000000fee00000-0x00000000fee00fff] reserved
[    0.000000] BIOS-e820: [mem 0x00000000fffc0000-0x00000000ffffffff] reserved
[    0.000000] NX (Execute Disable) protection: active
[    0.000000] SMBIOS 2.5 present.
[    0.000000] Hypervisor detected: KVM
[    0.000000] e820: last_pfn = 0x3fff0 max_arch_pfn = 0x400000000
[    0.000000] MTRR: Disabled
[    0.000000] x86/PAT: MTRRs disabled, skipping PAT initialization too.
[    0.000000] CPU MTRRs all blank - virtualized system.
[    0.000000] x86/PAT: Configuration [0-7]: WB  WT  UC- UC  WB  WT  UC- UC  
[    0.000000] found SMP MP-table at [mem 0x0009fff0-0x0009ffff] mapped at [ffff88000009fff0]
[    0.000000] Scanning 1 areas for low memory corruption
[    0.000000] RAMDISK: [mem 0x362dc000-0x37165fff]
[    0.000000] ACPI: Early table checksum verification disabled
[    0.000000] ACPI: RSDP 0x00000000000E0000 000024 (v02 VBOX  )
[    0.000000] ACPI: XSDT 0x000000003FFF0030 00003C (v01 VBOX   VBOXXSDT 00000001 ASL  00000061)
[    0.000000] ACPI: FACP 0x000000003FFF00F0 0000F4 (v04 VBOX   VBOXFACP 00000001 ASL  00000061)
[    0.000000] ACPI: DSDT 0x000000003FFF0470 002325 (v02 VBOX   VBOXBIOS 00000002 INTL 20120111)
[    0.000000] ACPI: FACS 0x000000003FFF0200 000040
[    0.000000] ACPI: FACS 0x000000003FFF0200 000040
[    0.000000] ACPI: APIC 0x000000003FFF0240 000054 (v02 VBOX   VBOXAPIC 00000001 ASL  00000061)
[    0.000000] ACPI: SSDT 0x000000003FFF02A0 0001CC (v01 VBOX   VBOXCPUT 00000002 INTL 20120111)
[    0.000000] No NUMA configuration found
[    0.000000] Faking a node at [mem 0x0000000000000000-0x000000003ffeffff]
[    0.000000] NODE_DATA(0) allocated [mem 0x3ffeb000-0x3ffeffff]
[    0.000000] kvm-clock: Using msrs 4b564d01 and 4b564d00
[    0.000000] kvm-clock: cpu 0, msr 0:3ffe3001, primary cpu clock
[    0.000000] kvm-clock: using sched offset of 4184959664 cycles
[    0.000000] clocksource: kvm-clock: mask: 0xffffffffffffffff max_cycles: 0x1cd42e4dffb, max_idle_ns: 881590591483 ns
[    0.000000] Zone ranges:
[    0.000000]   DMA      [mem 0x0000000000001000-0x0000000000ffffff]
[    0.000000]   DMA32    [mem 0x0000000001000000-0x000000003ffeffff]
[    0.000000]   Normal   empty
[    0.000000]   Device   empty
[    0.000000] Movable zone start for each node
[    0.000000] Early memory node ranges
[    0.000000]   node   0: [mem 0x0000000000001000-0x000000000009efff]
[    0.000000]   node   0: [mem 0x0000000000100000-0x000000003ffeffff]
[    0.000000] Initmem setup node 0 [mem 0x0000000000001000-0x000000003ffeffff]
[    0.000000] ACPI: PM-Timer IO Port: 0x4008
[    0.000000] IOAPIC[0]: apic_id 1, version 32, address 0xfec00000, GSI 0-23
[    0.000000] ACPI: INT_SRC_OVR (bus 0 bus_irq 0 global_irq 2 dfl dfl)
[    0.000000] ACPI: INT_SRC_OVR (bus 0 bus_irq 9 global_irq 9 low level)
[    0.000000] Using ACPI (MADT) for SMP configuration information
[    0.000000] smpboot: Allowing 1 CPUs, 0 hotplug CPUs
[    0.000000] PM: Registered nosave memory: [mem 0x00000000-0x00000fff]
[    0.000000] PM: Registered nosave memory: [mem 0x0009f000-0x0009ffff]
[    0.000000] PM: Registered nosave memory: [mem 0x000a0000-0x000effff]
[    0.000000] PM: Registered nosave memory: [mem 0x000f0000-0x000fffff]
[    0.000000] e820: [mem 0x40000000-0xfebfffff] available for PCI devices
[    0.000000] Booting paravirtualized kernel on KVM
[    0.000000] clocksource: refined-jiffies: mask: 0xffffffff max_cycles: 0xffffffff, max_idle_ns: 7645519600211568 ns
[    0.000000] setup_percpu: NR_CPUS:512 nr_cpumask_bits:512 nr_cpu_ids:1 nr_node_ids:1
[    0.000000] PERCPU: Embedded 33 pages/cpu @ffff88003fc00000 s95192 r8192 d31784 u2097152
[    0.000000] Built 1 zonelists in Node order, mobility grouping on.  Total pages: 257912
[    0.000000] Policy zone: DMA32
[    0.000000] Kernel command line: BOOT_IMAGE=/boot/vmlinuz-4.4.0-210-generic root=LABEL=cloudimg-rootfs ro console=tty1 console=ttyS0
[    0.000000] PID hash table entries: 4096 (order: 3, 32768 bytes)
[    0.000000] Memory: 997924K/1048120K available (8644K kernel code, 1332K rwdata, 4044K rodata, 1492K init, 1164K bss, 50196K reserved, 0K cma-reserved)
[    0.000000] SLUB: HWalign=64, Order=0-3, MinObjects=0, CPUs=1, Nodes=1
[    0.000000] Kernel/User page tables isolation: enabled
[    0.000000] Hierarchical RCU implementation.
[    0.000000] 	Build-time adjustment of leaf fanout to 64.
[    0.000000] 	RCU restricting CPUs from NR_CPUS=512 to nr_cpu_ids=1.
[    0.000000] RCU: Adjusting geometry for rcu_fanout_leaf=64, nr_cpu_ids=1
[    0.000000] NR_IRQS:33024 nr_irqs:256 16
[    0.000000] Console: colour VGA+ 80x25
[    0.000000] console [tty1] enabled
[    0.000000] console [ttyS0] enabled
[    0.000000] tsc: Detected 3100.000 MHz processor
[    0.156249] Calibrating delay loop (skipped) preset value.. 6200.00 BogoMIPS (lpj=12400000)
[    0.158097] pid_max: default: 32768 minimum: 301
[    0.159587] ACPI: Core revision 20150930
[    0.161187] ACPI: 2 ACPI AML tables successfully acquired and loaded
[    0.162687] Security Framework initialized
[    0.164298] Yama: becoming mindful.
[    0.165158] AppArmor: AppArmor initialized
[    0.166187] Dentry cache hash table entries: 131072 (order: 8, 1048576 bytes)
[    0.170528] Inode-cache hash table entries: 65536 (order: 7, 524288 bytes)
[    0.174318] Mount-cache hash table entries: 2048 (order: 2, 16384 bytes)
[    0.176185] Mountpoint-cache hash table entries: 2048 (order: 2, 16384 bytes)
[    0.177779] Initializing cgroup subsys io
[    0.178770] Initializing cgroup subsys memory
[    0.180370] Initializing cgroup subsys devices
[    0.181387] Initializing cgroup subsys freezer
[    0.182745] Initializing cgroup subsys net_cls
[    0.184289] Initializing cgroup subsys perf_event
[    0.185304] Initializing cgroup subsys net_prio
[    0.186312] Initializing cgroup subsys hugetlb
[    0.188313] Initializing cgroup subsys pids
[    0.196352] mce: CPU supports 0 MCE banks
[    0.199949] process: using mwait in idle threads
[    0.201522] Last level iTLB entries: 4KB 64, 2MB 8, 4MB 8
[    0.203104] Last level dTLB entries: 4KB 64, 2MB 0, 4MB 0, 1GB 4
[    0.204415] Spectre V1 : Mitigation: usercopy/swapgs barriers and __user pointer sanitization
[    0.206277] Spectre V2 : Mitigation: Full generic retpoline
[    0.209157] Spectre V2 : Spectre v2 / SpectreRSB mitigation: Filling RSB on context switch
[    0.210892] Speculative Store Bypass: Vulnerable
[    0.213557] SRBDS: Unknown: Dependent on hypervisor status
[    0.215218] MDS: Mitigation: Clear CPU buffers
[    0.242094] Freeing SMP alternatives memory: 36K
[    0.250485] ftrace: allocating 32380 entries in 127 pages
[    0.316052] smpboot: APIC(0) Converting physical 0 to logical package 0
[    0.319989] smpboot: Max logical packages: 1
[    0.321108] x2apic enabled
[    0.322009] Switched APIC routing to physical x2apic.
[    0.324255] ..TIMER: vector=0x30 apic1=0 pin1=2 apic2=-1 pin2=-1
[    0.433906] smpboot: CPU0: Intel(R) Core(TM) i7-5557U CPU @ 3.10GHz (family: 0x6, model: 0x3d, stepping: 0x4)
[    0.439882] Performance Events: unsupported p6 CPU model 61 no PMU driver, software events only.
[    0.460180] KVM setup paravirtual spinlock
[    0.462262] x86: Booted up 1 node, 1 CPUs
[    0.463207] smpboot: Total of 1 processors activated (6200.00 BogoMIPS)
[    0.464737] devtmpfs: initialized
[    0.466677] evm: security.selinux
[    0.468104] evm: security.SMACK64
[    0.468868] evm: security.SMACK64EXEC
[    0.469797] evm: security.SMACK64TRANSMUTE
[    0.470711] evm: security.SMACK64MMAP
[    0.472655] evm: security.ima
[    0.473711] evm: security.capability
[    0.474829] clocksource: jiffies: mask: 0xffffffff max_cycles: 0xffffffff, max_idle_ns: 7645041785100000 ns
[    0.477102] futex hash table entries: 256 (order: 2, 16384 bytes)
[    0.478440] pinctrl core: initialized pinctrl subsystem
[    0.479615] RTC time:  3:07:19, date: 12/12/21
[    0.480885] NET: Registered protocol family 16
[    0.482242] cpuidle: using governor ladder
[    0.483264] cpuidle: using governor menu
[    0.484401] PCCT header not found.
[    0.485395] ACPI: bus type PCI registered
[    0.486290] acpiphp: ACPI Hot Plug PCI Controller Driver version: 0.5
[    0.488660] PCI: Using configuration type 1 for base access
[    0.490794] ACPI: Added _OSI(Module Device)
[    0.491871] ACPI: Added _OSI(Processor Device)
[    0.493114] ACPI: Added _OSI(3.0 _SCP Extensions)
[    0.494099] ACPI: Added _OSI(Processor Aggregator Device)
[    0.495845] ACPI: Executed 1 blocks of module-level executable AML code
[    0.499054] ACPI: Interpreter enabled
[    0.499888] ACPI: (supports S0 S5)
[    0.500799] ACPI: Using IOAPIC for interrupt routing
[    0.502479] PCI: Using host bridge windows from ACPI; if necessary, use "pci=nocrs" and report a bug
[    0.508475] ACPI: PCI Root Bridge [PCI0] (domain 0000 [bus 00-ff])
[    0.509906] acpi PNP0A03:00: _OSC: OS supports [ASPM ClockPM Segments MSI]
[    0.511569] acpi PNP0A03:00: _OSC: not requesting OS control; OS requires [ExtendedConfig ASPM ClockPM MSI]
[    0.513553] acpi PNP0A03:00: fail to add MMCONFIG information, can't access extended PCI configuration space under this bridge.
[    0.516322] PCI host bridge to bus 0000:00
[    0.517341] pci_bus 0000:00: root bus resource [io  0x0000-0x0cf7 window]
[    0.518701] pci_bus 0000:00: root bus resource [io  0x0d00-0xffff window]
[    0.520104] pci_bus 0000:00: root bus resource [mem 0x000a0000-0x000bffff window]
[    0.522386] pci_bus 0000:00: root bus resource [mem 0x40000000-0xfdffffff window]
[    0.523997] pci_bus 0000:00: root bus resource [bus 00-ff]
[    0.527581] pci 0000:00:01.1: legacy IDE quirk: reg 0x10: [io  0x01f0-0x01f7]
[    0.529351] pci 0000:00:01.1: legacy IDE quirk: reg 0x14: [io  0x03f6]
[    0.530674] pci 0000:00:01.1: legacy IDE quirk: reg 0x18: [io  0x0170-0x0177]
[    0.532437] pci 0000:00:01.1: legacy IDE quirk: reg 0x1c: [io  0x0376]
[    0.558947] pci 0000:00:07.0: quirk: [io  0x4000-0x403f] claimed by PIIX4 ACPI
[    0.560570] pci 0000:00:07.0: quirk: [io  0x4100-0x410f] claimed by PIIX4 SMB
[    0.573480] ACPI: PCI Interrupt Link [LNKA] (IRQs 5 9 10 *11)
[    0.575277] ACPI: PCI Interrupt Link [LNKB] (IRQs 5 9 *10 11)
[    0.577171] ACPI: PCI Interrupt Link [LNKC] (IRQs 5 *9 10 11)
[    0.578757] ACPI: PCI Interrupt Link [LNKD] (IRQs 5 9 10 *11)
[    0.580411] ACPI: Enabled 2 GPEs in block 00 to 07
[    0.581677] vgaarb: setting as boot device: PCI:0000:00:02.0
[    0.582914] vgaarb: device added: PCI:0000:00:02.0,decodes=io+mem,owns=io+mem,locks=none
[    0.584806] vgaarb: loaded
[    0.585569] vgaarb: bridge control possible 0000:00:02.0
[    0.587320] SCSI subsystem initialized
[    0.588852] ACPI: bus type USB registered
[    0.589865] usbcore: registered new interface driver usbfs
[    0.591016] usbcore: registered new interface driver hub
[    0.592223] usbcore: registered new device driver usb
[    0.593402] PCI: Using ACPI for IRQ routing
[    0.594701] NetLabel: Initializing
[    0.595479] NetLabel:  domain hash size = 128
[    0.596748] NetLabel:  protocols = UNLABELED CIPSOv4
[    0.597999] NetLabel:  unlabeled traffic allowed by default
[    0.599255] amd_nb: Cannot enumerate AMD northbridges
[    0.600348] clocksource: Switched to clocksource kvm-clock
[    0.608505] AppArmor: AppArmor Filesystem Enabled
[    0.609805] pnp: PnP ACPI init
[    0.613159] pnp: PnP ACPI: found 3 devices
[    0.622200] clocksource: acpi_pm: mask: 0xffffff max_cycles: 0xffffff, max_idle_ns: 2085701024 ns
[    0.625044] NET: Registered protocol family 2
[    0.626938] TCP established hash table entries: 8192 (order: 4, 65536 bytes)
[    0.629327] TCP bind hash table entries: 8192 (order: 5, 131072 bytes)
[    0.631934] TCP: Hash tables configured (established 8192 bind 8192)
[    0.634115] UDP hash table entries: 512 (order: 2, 16384 bytes)
[    0.635895] UDP-Lite hash table entries: 512 (order: 2, 16384 bytes)
[    0.638561] NET: Registered protocol family 1
[    0.640290] pci 0000:00:00.0: Limiting direct PCI/PCI transfers
[    0.642579] pci 0000:00:01.0: Activating ISA DMA hang workarounds
[    0.644868] Unpacking initramfs...
[    0.885968] Freeing initrd memory: 14888K
[    0.887705] RAPL PMU detected, API unit is 2^-32 Joules, 4 fixed counters 10737418240 ms ovfl timer
[    0.889970] hw unit of domain pp0-core 2^-0 Joules
[    0.890982] hw unit of domain package 2^-0 Joules
[    0.892057] hw unit of domain dram 2^-0 Joules
[    0.893059] hw unit of domain pp1-gpu 2^-0 Joules
[    0.894067] clocksource: tsc: mask: 0xffffffffffffffff max_cycles: 0x2caf47d9d39, max_idle_ns: 440795292816 ns
[    0.896310] platform rtc_cmos: registered platform RTC device (no PNP device found)
[    0.898470] Scanning for low memory corruption every 60 seconds
[    0.899967] audit: initializing netlink subsys (disabled)
[    0.901492] audit: type=2000 audit(1639278445.940:1): initialized
[    0.903594] Initialise system trusted keyring
[    0.904706] HugeTLB registered 2 MB page size, pre-allocated 0 pages
[    0.907188] zbud: loaded
[    0.908633] VFS: Disk quotas dquot_6.6.0
[    0.909837] VFS: Dquot-cache hash table entries: 512 (order 0, 4096 bytes)
[    0.911508] squashfs: version 4.0 (2009/01/31) Phillip Lougher
[    0.913243] fuse init (API version 7.23)
[    0.914212] Key type big_key registered
[    0.915136] Allocating IMA MOK and blacklist keyrings.
[    0.916624] Key type asymmetric registered
[    0.917576] Asymmetric key parser 'x509' registered
[    0.918623] Block layer SCSI generic (bsg) driver version 0.4 loaded (major 249)
[    0.920293] io scheduler noop registered
[    0.921359] io scheduler deadline registered (default)
[    0.922514] io scheduler cfq registered
[    0.923523] pci_hotplug: PCI Hot Plug PCI Core version: 0.5
[    0.924701] pciehp: PCI Express Hot Plug Controller Driver version: 0.4
[    0.926515] ACPI: AC Adapter [AC] (on-line)
[    0.928057] input: Power Button as /devices/LNXSYSTM:00/LNXPWRBN:00/input/input0
[    0.929719] ACPI: Power Button [PWRF]
[    0.930699] input: Sleep Button as /devices/LNXSYSTM:00/LNXSLPBN:00/input/input1
[    0.932894] ACPI: Sleep Button [SLPF]
[    0.934813] ACPI: Battery Slot [BAT0] (battery present)
[    0.935927] GHES: HEST is not enabled!
[    0.937594] Serial: 8250/16550 driver, 32 ports, IRQ sharing enabled
[    0.959524] 00:02: ttyS0 at I/O 0x3f8 (irq = 4, base_baud = 115200) is a 16550A
[    0.962242] Linux agpgart interface v0.103
[    0.963945] loop: module loaded
[    0.965227] scsi host0: ata_piix
[    0.966024] scsi host1: ata_piix
[    0.966889] ata1: PATA max UDMA/33 cmd 0x1f0 ctl 0x3f6 bmdma 0xd000 irq 14
[    0.968950] ata2: PATA max UDMA/33 cmd 0x170 ctl 0x376 bmdma 0xd008 irq 15
[    0.970596] libphy: Fixed MDIO Bus: probed
[    0.971625] tun: Universal TUN/TAP device driver, 1.6
[    0.972817] tun: (C) 1999-2004 Max Krasnyansky <maxk@qualcomm.com>
[    0.974313] PPP generic driver version 2.4.2
[    0.975331] ehci_hcd: USB 2.0 'Enhanced' Host Controller (EHCI) Driver
[    0.977070] ehci-pci: EHCI PCI platform driver
[    0.978146] ehci-platform: EHCI generic platform driver
[    0.979255] ohci_hcd: USB 1.1 'Open' Host Controller (OHCI) Driver
[    0.980482] ohci-pci: OHCI PCI platform driver
[    0.982163] ohci-platform: OHCI generic platform driver
[    0.983277] uhci_hcd: USB Universal Host Controller Interface driver
[    0.984585] i8042: PNP: PS/2 Controller [PNP0303:PS2K,PNP0f03:PS2M] at 0x60,0x64 irq 1,12
[    0.986895] serio: i8042 KBD port at 0x60,0x64 irq 1
[    0.988764] serio: i8042 AUX port at 0x60,0x64 irq 12
[    0.990001] mousedev: PS/2 mouse device common for all mice
[    0.991387] input: AT Translated Set 2 keyboard as /devices/platform/i8042/serio0/input/input2
[    0.994766] rtc_cmos rtc_cmos: rtc core: registered rtc_cmos as rtc0
[    0.997200] rtc_cmos rtc_cmos: alarms up to one day, 114 bytes nvram
[    0.999087] i2c /dev entries driver
[    1.001722] device-mapper: uevent: version 1.0.3
[    1.002810] device-mapper: ioctl: 4.34.0-ioctl (2015-10-28) initialised: dm-devel@redhat.com
[    1.004637] ledtrig-cpu: registered to indicate activity on CPUs
[    1.006156] NET: Registered protocol family 10
[    1.008084] NET: Registered protocol family 17
[    1.009133] Key type dns_resolver registered
[    1.010275] registered taskstats version 1
[    1.011627] Loading compiled-in X.509 certificates
[    1.013209] Loaded X.509 cert 'Build time autogenerated kernel key: cf00e047681d67edb2720680708b7d9498083038'
[    1.015354] zswap: loaded using pool lzo/zbud
[    1.017861] Key type trusted registered
[    1.020990] Key type encrypted registered
[    1.022345] AppArmor: AppArmor sha1 policy hashing enabled
[    1.023461] ima: No TPM chip found, activating TPM-bypass!
[    1.024589] ima: Allocated hash algorithm: sha1
[    1.025629] evm: HMAC attrs: 0x1
[    1.026715]   Magic number: 1:319:108
[    1.028151] rtc_cmos rtc_cmos: setting system clock to 2021-12-12 03:07:20 UTC (1639278440)
[    1.030069] BIOS EDD facility v0.16 2004-Jun-25, 0 devices found
[    1.031474] EDD information not available.
[    1.148939] Freeing unused kernel memory: 1492K
[    1.150104] Write protecting the kernel read-only data: 14336k
[    1.151768] Freeing unused kernel memory: 1584K
[    1.153116] Freeing unused kernel memory: 52K
Loading, please wait...
starting version 229
[    1.163991] random: udevadm: uninitialized urandom read (16 bytes read, 3 bits of entropy available)
[    1.166880] random: systemd-udevd: uninitialized urandom read (16 bytes read, 3 bits of entropy available)
[    1.169810] random: systemd-udevd: uninitialized urandom read (16 bytes read, 3 bits of entropy available)
[    1.172230] random: systemd-udevd: uninitialized urandom read (16 bytes read, 3 bits of entropy available)
[    1.174455] random: udevadm: uninitialized urandom read (16 bytes read, 3 bits of entropy available)
[    1.180442] random: systemd-udevd: uninitialized urandom read (16 bytes read, 3 bits of entropy available)
[    1.184578] random: systemd-udevd: uninitialized urandom read (16 bytes read, 3 bits of entropy available)
[    1.187409] random: systemd-udevd: uninitialized urandom read (16 bytes read, 3 bits of entropy available)
[    1.192486] random: systemd-udevd: uninitialized urandom read (16 bytes read, 3 bits of entropy available)
[    1.194870] random: systemd-udevd: uninitialized urandom read (16 bytes read, 3 bits of entropy available)
[    1.259841] e1000: Intel(R) PRO/1000 Network Driver - version 7.3.21-k8-NAPI
[    1.262390] e1000: Copyright (c) 1999-2006 Intel Corporation.
[    1.272832] Fusion MPT base driver 3.04.20
[    1.274096] Copyright (c) 1999-2008 LSI Corporation
[    1.297370] Fusion MPT SPI Host driver 3.04.20
[    1.322045] AVX2 version of gcm_enc/dec engaged.
[    1.323135] AES CTR mode by8 optimization enabled
[    1.324176] mptbase: ioc0: Initiating bringup
[    1.388789] ioc0: LSI53C1030 A0: Capabilities={Initiator}
[    1.486346] input: ImExPS/2 Generic Explorer Mouse as /devices/platform/i8042/serio1/input/input4
[    1.554529] scsi host2: ioc0: LSI53C1030 A0, FwRev=00000000h, Ports=1, MaxQ=256, IRQ=20
[    1.670140] scsi 2:0:0:0: Direct-Access     VBOX     HARDDISK         1.0  PQ: 0 ANSI: 5
[    1.672191] scsi target2:0:0: Beginning Domain Validation
[    1.674893] scsi target2:0:0: Domain Validation skipping write tests
[    1.676300] scsi target2:0:0: Ending Domain Validation
[    1.677530] scsi target2:0:0: asynchronous
[    1.679093] scsi 2:0:1:0: Direct-Access     VBOX     HARDDISK         1.0  PQ: 0 ANSI: 5
[    1.680965] scsi target2:0:1: Beginning Domain Validation
[    1.692560] scsi target2:0:1: Domain Validation skipping write tests
[    1.694066] scsi target2:0:1: Ending Domain Validation
[    1.695258] scsi target2:0:1: asynchronous
[    1.759356] sd 2:0:0:0: Attached scsi generic sg0 type 0
[    1.761582] sd 2:0:0:0: [sda] 83886080 512-byte logical blocks: (42.9 GB/40.0 GiB)
[    1.764587] sd 2:0:1:0: [sdb] 20480 512-byte logical blocks: (10.5 MB/10.0 MiB)
[    1.768103] sd 2:0:1:0: Attached scsi generic sg1 type 0
[    1.769591] sd 2:0:0:0: [sda] Write Protect is off
[    1.771459] sd 2:0:1:0: [sdb] Write Protect is off
[    1.780418] sd 2:0:0:0: [sda] Incomplete mode parameter data
[    1.781714] sd 2:0:0:0: [sda] Assuming drive cache: write through
[    1.787902] sd 2:0:1:0: [sdb] Incomplete mode parameter data
[    1.789318] sd 2:0:1:0: [sdb] Assuming drive cache: write through
[    1.796876]  sda: sda1
[    1.798870] sd 2:0:1:0: [sdb] Attached SCSI disk
[    1.800189] sd 2:0:0:0: [sda] Attached SCSI disk
[    2.110864] e1000 0000:00:03.0 eth0: (PCI:33MHz:32-bit) 02:be:82:6b:cc:1d
[    2.112353] e1000 0000:00:03.0 eth0: Intel(R) PRO/1000 Network Connection
[    2.501956] e1000 0000:00:08.0 eth1: (PCI:33MHz:32-bit) 08:00:27:c3:d2:8d
[    2.503356] e1000 0000:00:08.0 eth1: Intel(R) PRO/1000 Network Connection
[    2.505782] e1000 0000:00:08.0 enp0s8: renamed from eth1
[    2.510023] e1000 0000:00:03.0 enp0s3: renamed from eth0
Begin: Loading essential drivers ... [    3.837677] md: linear personality registered for level -1
[    3.841503] md: multipath personality registered for level -4
[    3.846603] md: raid0 personality registered for level 0
[    3.852365] md: raid1 personality registered for level 1
[    3.924361] raid6: sse2x1   gen() 10060 MB/s
[    3.992414] raid6: sse2x1   xor()  7706 MB/s
[    4.060381] raid6: sse2x2   gen() 11750 MB/s
[    4.128373] raid6: sse2x2   xor()  8039 MB/s
[    4.196375] raid6: sse2x4   gen() 14516 MB/s
[    4.264447] raid6: sse2x4   xor()  9782 MB/s
[    4.332621] raid6: avx2x1   gen() 18509 MB/s
[    4.400415] raid6: avx2x2   gen() 23535 MB/s
[    4.470415] raid6: avx2x4   gen() 25797 MB/s
[    4.472045] raid6: using algorithm avx2x4 gen() 25797 MB/s
[    4.473214] raid6: using avx2x2 recovery algorithm
[    4.475926] xor: automatically using best checksumming function:
[    4.523983]    avx       : 74360.000 MB/sec
[    4.526745] async_tx: api initialized (async)
[    4.541094] md: raid6 personality registered for level 6
[    4.542400] md: raid5 personality registered for level 5
[    4.543542] md: raid4 personality registered for level 4
[    4.551333] md: raid10 personality registered for level 10
done.
Begin: Running /scripts/init-premount ... done.
Begin: Mounting root file system ... Begin: Running /scripts/local-top ... done.
Begin: Running /scripts/local-premount ... [    4.585459] Btrfs loaded
Scanning for Btrfs filesystems
done.
Warning: fsck not present, so skipping root file system
[    4.615185] EXT4-fs (sda1): mounted filesystem with ordered data mode. Opts: (null)
done.
Begin: Running /scripts/local-bottom ... done.
Begin: Running /scripts/init-bottom ... done.
[    4.709986] systemd[1]: systemd 229 running in system mode. (+PAM +AUDIT +SELINUX +IMA +APPARMOR +SMACK +SYSVINIT +UTMP +LIBCRYPTSETUP +GCRYPT +GNUTLS +ACL +XZ -LZ4 +SECCOMP +BLKID +ELFUTILS +KMOD -IDN)
[    4.713777] systemd[1]: Detected virtualization oracle.
[    4.714921] systemd[1]: Detected architecture x86-64.

Welcome to [1mUbuntu 16.04.7 LTS[0m!

[    4.725693] systemd[1]: Set hostname to <ubuntu>.
[    4.732118] systemd[1]: Initializing machine ID from random generator.
[    4.734677] systemd[1]: Installed transient /etc/machine-id file.
[    4.939048] systemd[1]: Reached target Swap.
[[0;32m  OK  [0m] Reached target Swap.
[    4.940970] systemd[1]: Set up automount Arbitrary Executable File Formats File System Automount Point.
[[0;32m  OK  [0m] Set up automount Arbitrary Executab...ats File System Automount Point.
[    4.944716] systemd[1]: Listening on LVM2 poll daemon socket.
[[0;32m  OK  [0m] Listening on LVM2 poll daemon socket.
[    4.949004] systemd[1]: Created slice System Slice.
[[0;32m  OK  [0m] Created slice System Slice.
[    4.951584] systemd[1]: Listening on fsck to fsckd communication Socket.
[[0;32m  OK  [0m] Listening on fsck to fsckd communication Socket.
[    4.954431] systemd[1]: Listening on Journal Socket (/dev/log).
[[0;32m  OK  [0m] Listening on Journal Socket (/dev/log).
[    4.956867] systemd[1]: Created slice User and Session Slice.
[[0;32m  OK  [0m] Created slice User and Session Slice.
[    4.959025] systemd[1]: Listening on udev Control Socket.
[[0;32m  OK  [0m] Listening on udev Control Socket.
[    4.961627] systemd[1]: Listening on /dev/initctl Compatibility Named Pipe.
[[0;32m  OK  [0m] Listening on /dev/initctl Compatibility Named Pipe.
[    4.964131] systemd[1]: Listening on Device-mapper event daemon FIFOs.
[[0;32m  OK  [0m] Listening on Device-mapper event daemon FIFOs.
[    4.973162] systemd[1]: Listening on udev Kernel Socket.
[[0;32m  OK  [0m] Listening on udev Kernel Socket.
[    4.975533] systemd[1]: Started Trigger resolvconf update for networkd DNS.
[[0;32m  OK  [0m] Started Trigger resolvconf update for networkd DNS.
[    4.985381] systemd[1]: Started Forward Password Requests to Wall Directory Watch.
[[0;32m  OK  [0m] Started Forward Password Requests to Wall Directory Watch.
[    4.990167] systemd[1]: Reached target System Time Synchronized.
[[0;32m  OK  [0m] Reached target System Time Synchronized.
[    4.992897] systemd[1]: Reached target Encrypted Volumes.
[[0;32m  OK  [0m] Reached target Encrypted Volumes.
[    5.001178] systemd[1]: Reached target User and Group Name Lookups.
[[0;32m  OK  [0m] Reached target User and Group Name Lookups.
[    5.003856] systemd[1]: Reached target Slices.
[[0;32m  OK  [0m] Reached target Slices.
[    5.013250] systemd[1]: Listening on Syslog Socket.
[[0;32m  OK  [0m] Listening on Syslog Socket.
[    5.015554] systemd[1]: Created slice system-serial\x2dgetty.slice.
[[0;32m  OK  [0m] Created slice system-serial\x2dgetty.slice.
[    5.018314] systemd[1]: Listening on Journal Audit Socket.
[[0;32m  OK  [0m] Listening on Journal Audit Socket.
[    5.025230] systemd[1]: Listening on LVM2 metadata daemon socket.
[[0;32m  OK  [0m] Listening on LVM2 metadata daemon socket.
[    5.036854] systemd[1]: Listening on Journal Socket.
[[0;32m  OK  [0m] Listening on Journal Socket.
[    5.040066] systemd[1]: Starting Create list of required static device nodes for the current kernel...
         Starting Create list of required st... nodes for the current kernel...
[    5.050342] systemd[1]: Starting Load Kernel Modules...
         Starting Load Kernel Modules...
[    5.052827] systemd[1]: Starting Uncomplicated firewall...
         Starting Uncomplicated firewall...
[    5.060893] systemd[1]: Starting Nameserver information manager...
         Starting Nameserver information manager...
[    5.067794] Loading iSCSI transport class v2.0-870.
[    5.071597] systemd[1]: Mounting Huge Pages File System...
         Mounting Huge Pages File System...
[    5.078688] systemd[1]: Starting Journal Service...
         Starting Journal Service...
[    5.083484] iscsi: registered transport (tcp)
[    5.086187] systemd[1]: Starting Set console keymap...
         Starting Set console keymap...
[    5.101164] systemd[1]: Starting File System Check on Root Device...
         Starting File System Check on Root Device...
[    5.104166] systemd[1]: Mounting Debug File System...
         Mounting Debug File System...
[    5.117078] systemd[1]: Mounting POSIX Message Queue File System...
         Mounting POSIX Message Queue File System...
[    5.126230] systemd[1]: Starting Monitoring of LVM2 mirrors, snapshots etc. using dmeventd or progress polling...
         Starting Monitoring of LVM2 mirrors... dmeventd or progress polling...
[    5.136581] systemd[1]: Mounted Huge Pages File System.
[[0;32m  OK  [0m] Mounted Huge Pages File System.
[    5.138427] systemd[1]: Mounted POSIX Message Queue File System.
[[0;32m  OK  [0m] Mounted POSIX Message Queue File System.
[    5.142356] systemd[1]: Mounted Debug File System.
[[0;32m  OK  [0m] Mounted Debug File System.
[    5.148866] systemd[1]: Started Create list of required static device nodes for the current kernel.
[[0;32m  OK  [0m] Started Create list of required sta...ce nodes for the current kernel.
[    5.155476] systemd[1]: Started Uncomplicated firewall.
[[0;32m  OK  [0m] Started Uncomplicated firewall.
[    5.163141] systemd[1]: Started File System Check Daemon to report status.
[[0;32m  OK  [0m] Started File System Check Daemon to report status.
[    5.173790] systemd[1]: Starting Create Static Device Nodes in /dev...
         Starting Create Static Device Nodes in /dev...
[    5.184468] systemd[1]: Started Nameserver information manager.
[[0;32m  OK  [0m] Started Nameserver information manager.
[    5.193873] systemd[1]: Started LVM2 metadata daemon.
[[0;32m  OK  [0m] Started LVM2 metadata daemon.
[    5.214294] systemd[1]: Started Create Static Device Nodes in /dev.
[[0;32m  OK  [0m] Started Create Static Device Nodes in /dev.
[    5.217371] systemd[1]: Starting udev Kernel Device Manager...
         Starting udev Kernel Device Manager...
[    5.226685] systemd[1]: Started File System Check on Root Device.
[[0;32m  OK  [0m] Started File System Check on Root Device.
[    5.237288] systemd[1]: Starting Remount Root and Kernel File Systems...
         Starting Remount Root and Kernel File Systems...
[    5.247190] EXT4-fs (sda1): re-mounted. Opts: (null)
[    5.254193] systemd[1]: Started Remount Root and Kernel File Systems.
[[0;32m  OK  [0m] Started Remount Root and Kernel File Systems.
[    5.261285] systemd[1]: Starting Load/Save Random Seed...
         Starting Load/Save Random Seed...
[    5.275060] systemd[1]: Starting udev Coldplug all Devices...
         Starting udev Coldplug all Devices...
[    5.287817] systemd[1]: Started Journal Service.
[[0;32m  OK  [0m] Started Journal Service.
[[0;32m  OK  [0m] Started Load/Save Random Seed.
         Starting Flush Journal to Persistent Storage...
[    5.317284] random: nonblocking pool is initialized
[    5.320916] systemd-journald[379]: Received request to flush runtime journal from PID 1
[[0;32m  OK  [0m] Started Flush Journal to Persistent Storage.
[[0;32m  OK  [0m] Started Monitoring of LVM2 mirrors,...ng dmeventd or progress polling.
[[0;32m  OK  [0m] Started udev Kernel Device Manager.
[    5.363416] iscsi: registered transport (iser)
[[0;32m  OK  [0m] Started Load Kernel Modules.
         Mounting FUSE Control File System...
         Starting Apply Kernel Variables...
[[0;32m  OK  [0m] Mounted FUSE Control File System.
[[0;32m  OK  [0m] Started Apply Kernel Variables.
[[0;32m  OK  [0m] Started Set console keymap.
[[0;32m  OK  [0m] Reached target Local File Systems (Pre).
[[0;32m  OK  [0m] Reached target Local File Systems.
         Starting Create Volatile Files and Directories...
         Starting Initial cloud-init job (pre-networking)...
         Starting LSB: AppArmor initialization...
         Starting Tell Plymouth To Write Out Runtime Data...
         Starting Commit a transient machine-id on disk...
         Starting Set console font and keymap...
[[0;32m  OK  [0m] Started Commit a transient machine-id on disk.
[[0;32m  OK  [0m] Started Tell Plymouth To Write Out Runtime Data.
[[0;32m  OK  [0m] Started Create Volatile Files and Directories.
         Starting Update UTMP about System Boot/Shutdown...
[[0;32m  OK  [0m] Started Update UTMP about System Boot/Shutdown.
[[0;32m  OK  [0m] Started udev Coldplug all Devices.
[[0;32m  OK  [0m] Started Dispatch Password Requests to Console Directory Watch.
[[0;32m  OK  [0m] Found device /dev/ttyS0.
[[0;32m  OK  [0m] Started Set console font and keymap.
[[0;32m  OK  [0m] Created slice system-getty.slice.
[[0;32m  OK  [0m] Listening on Load/Save RF Kill Switch Status /dev/rfkill Watch.
[    7.593737] cloud-init[495]: Cloud-init v. 21.1-19-gbad84ad4-0ubuntu1~16.04.2 running 'init-local' at Sun, 12 Dec 2021 03:07:26 +0000. Up 6.91 seconds.
[[0;32m  OK  [0m] Started Initial cloud-init job (pre-networking).
[[0;32m  OK  [0m] Reached target Network (Pre).
[[0;32m  OK  [0m] Started LSB: AppArmor initialization.
         Starting Raise network interfaces...
         Starting Load AppArmor profiles managed internally by snapd...
[[0;32m  OK  [0m] Started Load AppArmor profiles managed internally by snapd.
[[0;32m  OK  [0m] Started Raise network interfaces.
[[0;32m  OK  [0m] Reached target Network.
         Starting Initial cloud-init job (metadata service crawler)...
[    9.206475] cloud-init[969]: Cloud-init v. 21.1-19-gbad84ad4-0ubuntu1~16.04.2 running 'init' at Sun, 12 Dec 2021 03:07:28 +0000. Up 8.54 seconds.
[    9.220493] cloud-init[969]: ci-info: ++++++++++++++++++++++++++++++++++++++Net device info+++++++++++++++++++++++++++++++++++++++
[    9.222123] cloud-init[969]: ci-info: +--------+-------+----------------------------+---------------+--------+-------------------+
[    9.225565] cloud-init[969]: ci-info: | Device |   Up  |          Address           |      Mask     | Scope  |     Hw-Address    |
[    9.232385] cloud-init[969]: ci-info: +--------+-------+----------------------------+---------------+--------+-------------------+
[    9.233964] cloud-init[969]: ci-info: | enp0s3 |  True |         10.0.2.15          | 255.255.255.0 | global | 02:be:82:6b:cc:1d |
[    9.236331] cloud-init[969]: ci-info: | enp0s3 |  True | fe80::be:82ff:fe6b:cc1d/64 |       .       |  link  | 02:be:82:6b:cc:1d |
[    9.240388] cloud-init[969]: ci-info: | enp0s8 | False |             .              |       .       |   .    | 08:00:27:c3:d2:8d |
[    9.241970] cloud-init[969]: ci-info: |   lo   |  True |         127.0.0.1          |   255.0.0.0   |  host  |         .         |
[    9.256351] cloud-init[969]: ci-info: |   lo   |  True |          ::1/128           |       .       |  host  |         .         |
[    9.264380] cloud-init[969]: ci-info: +--------+-------+----------------------------+---------------+--------+-------------------+
[    9.272485] cloud-init[969]: ci-info: +++++++++++++++++++++++++++Route IPv4 info++++++++++++++++++++++++++++
[    9.273842] cloud-init[969]: ci-info: +-------+-------------+----------+---------------+-----------+-------+
[    9.275012] cloud-init[969]: ci-info: | Route | Destination | Gateway  |    Genmask    | Interface | Flags |
[    9.280372] cloud-init[969]: ci-info: +-------+-------------+----------+---------------+-----------+-------+
[    9.282947] cloud-init[969]: ci-info: |   0   |   0.0.0.0   | 10.0.2.2 |    0.0.0.0    |   enp0s3  |   UG  |
[    9.292998] cloud-init[969]: ci-info: |   1   |   10.0.2.0  | 0.0.0.0  | 255.255.255.0 |   enp0s3  |   U   |
[[0;32m  OK  [0m] Started Initial cloud-init job (metadata service crawler).
[[0;32m  OK  [0m] Reached target Network is Online.
         Starting iSCSI initiator daemon (iscsid)...
[[0;32m  OK  [0m] Reached target System Initialization.
[[0;32m  OK  [0m] Listening on D-Bus System Message Bus Socket.
[    9.297039] cloud-init[969]: ci-info: +-------+-------------+----------+---------------+-----------+-------+
[[0;32m  OK  [0m] Started ACPI Events Check.
[[0;32m  OK  [0m] Reached target Paths.
[    9.319282] cloud-init[969]: ci-info: +++++++++++++++++++Route IPv6 info+++++++++++++++++++
[    9.322420] cloud-init[969]: ci-info: +-------+-------------+---------+-----------+-------+         Starting LXD - unix socket.
[[0;32m  OK  [0m] Started Daily apt download activities.
[[0;32m  OK  [0m] Started Daily apt upgrade and clean activities.
[[0;32m  OK  [0m] Started Ubuntu Advantage update messaging.
         Starting Socket activation for snappy daemon.
[    9.328764] cloud-init[969]: ci-info: | Route | Destination | Gateway | Interface | Flags |
[    9.329606] cloud-init[969]: ci-info: +-------+-------------+---------+-----------+-------+
[    9.330457] cloud-init[969]: ci-info: |   0   |  fe80::/64  |    ::   |   enp0s3  |   U   |
[    9.331593] cloud-init[969]: 
[[0;32m  OK  [0m] Listening on UUID daemon activation socket.
[[0;32m  OK  [0m] Started Message of the Day.
[[0;32m  OK  [0m] Listening on ACPID Listen Socket.
[[0;32m  OK  [0m] Started Daily Cleanup of Temporary Directories.
[[0;32m  OK  [0m] Reached target Timers.
[[0;32m  OK  [0m] Reached target Cloud-config availability.
ci-info: |   3   |   ff00::/8  |    ::   |   enp0s3  |   U   |
[    9.336914] cloud-init[969]: ci-info: +-------+-------------+---------+-----------+-------+
[    9.339241] cloud-init[969]: Generating public/private rsa key pair.[[0;32m  OK  [0m] Listening on LXD - unix socket.
[[0;32m  OK  [0m] Listening on Socket activation for snappy daemon.
[[0;32m  OK  [0m] Reached target Sockets.
[[0;32m  OK  [0m] Reached target Basic System.

[    9.352262] cloud-init[969]: Your identification has been saved in /etc/ssh/ssh_host_rsa_key.
[    9.353972] cloud-init         Starting Accounts Service...
[969]: Your public key has been saved in /etc/ssh/ssh_host_rsa_key.pub.
[[0;32m  OK  [0m] Started ACPI event daemon.
         Starting /etc/rc.local Compatibility...[    9.360693] cloud-init
         Starting Virtualbox guest utils...
[969]: [[0;32m  OK  [0m] Started Regular background program processing daemon.
         Starting System Logging Service...
         Starting Login Service...
         Starting LXD - container startup/shutdown...
The key fingerprint is:         Starting Pollinate to seed the pseudo random number generator...
         Starting Snap Daemon...
[[0;32m  OK  [0m] Started FUSE filesystem for LXC.
[[0;32m  OK  [0m] Started D-Bus System Message Bus.

[    9.448576] cloud-init[969]: SHA256:zGgP4/SUQE9jo6EEOoMxB5zddQ5HDi6+2MeFZLRQOKA root@ubuntu-xenial
[    9.461233] cloud-init[969]: The key's randomart image is:
[    9.471945] cloud-init[969]: +---[RSA 2048]----+
[    9.478995] cloud-init[969]: |=.=o+.***+       |
[    9.484750] cloud-init[969]: |.B.o *+*Oo       |
[    9.492717] cloud-init[969]: |=E  ..+=.o       |
[    9.503046] cloud-init[969]: | o  . +=..       |
         Starting LSB: MD monitoring daemon...
[[0;32m  OK  [0m] Started Deferred execution scheduler.
         Starting LSB: Record successful boot for GRUB...
[[0;32m  OK  [0m] Started System Logging Service.
[[0;32m  OK  [0m] Started iSCSI initiator daemon (iscsid).
[[0;32m  OK  [0m] Started /etc/rc.local Compatibility.
[    9.546557] cloud-init[969]: |     .*.S.       |
         Starting Login to default iSCSI targets...
[    9.600140] cloud-init[969]: |    o+o*.        |
[[0;32m  OK  [0m] Started Login Service.
[[0;32m  OK  [0m] Started Login to default iSCSI targets.
[[0;32m  OK  [0m] Reached target Remote File Systems (Pre).
[[0;32m  OK  [0m] Reached target Remote File Systems.
         Starting LSB: automatic crash report generation...
         Starting LSB: Set the CPU Frequency Scaling governor to "ondemand"...
         Starting Permit User Sessions...
         Starting LSB: daemon to balance interrupts for SMP systems...
[    9.644705] cloud-init[969]: |   . o.oo        |
[[0;32m  OK  [0m] Started Unattended Upgrades Shutdown.
[[0;32m  OK  [0m] Started Permit User Sessions.
[    9.676101] cloud-init[969]: |      .          |
[    9.687892] cloud-init[969]: |                 |
[    9.689051] cloud-init[969]: +----[SHA256]-----+
         Starting Hold until boot process finishes up...
         Starting Terminate Plymouth Boot Screen...
[[0;32m  OK  [0m] Started LSB: Set the CPU Frequency Scaling governor to "ondemand".
[[0;32m  OK  [0m] Started Hold until boot process finishes up.
[    9.731315] cloud-init[969]: Generating public/private dsa key pair.
[    9.758819] cloud-init[969]: Your identification has been saved in /etc/ssh/ssh_host_dsa_key.
[[    9.792447] cloud-init[969]: Your public key has been saved in /etc/ssh/ssh_host_dsa_key.pub.
[0;32m  OK  [0m] Started LXD - container startup/shutdown.
[[0;32m  OK  [0m] Started LSB: MD monitoring daemon.
[[0;32m  OK  [0m] Started LSB: Record successful boot for GRUB.
[[0;32m  OK  [0m] Started LSB: daemon to balance interrupts for SMP systems.
[[0;32m  OK  [0m] Started Terminate Plymouth Boot Screen.
         Starting Authenticate and Authorize Users to Run Privileged Tasks...
[[0;32m  OK  [0m] Started Getty on tty1.
[    9.800775] cloud-init[969]: The key fingerprint is:
         Starting Set console scheme...
[[0;32m  OK  [0m] Started Serial Getty on ttyS0.
[[0;32m  OK  [0m] Reached target Login Prompts.
[    9.848415] cloud-init[969]: SHA256:R9+Mp1ufyFMaNT21AQ2GsWaTPgLt61pb6TdWBUuzTnQ root@ubuntu-xenial
[    9.851334] cloud-init[969]: The key's randomart image is:
[[0;32m  OK  [0m] Started Set console scheme.
[    9.861751] cloud-init[969]: +---[DSA 1024]----+
[    9.875225] cloud-init[969]: |           .o++  |
[    9.880254] cloud-init[969]: |        .  .+ =oE|
[[    9.892850] cloud-init[969]: |       . ..* o *=|
[0;32m  OK  [0m] Started LSB: automatic crash report generation.
[[0;32m  OK  [0m] Started Authenticate and Authorize Users to Run Privileged Tasks.
[[0;32m  OK  [0m] Started Accounts Service.
[    9.908177] cloud-init[969]: |        o.+..++=o|
[    9.912175] cloud-init[969]: |        So.ooo= +|
[    9.915842] cloud-init[969]: |         .o o+.o |
[    9.920264] cloud-init[969]: |         o o. *  |
[    9.928055] cloud-init[969]: |        o + .O...|
[    9.936379] cloud-init[969]: |       ..o .+oo..|
[    9.937150] cloud-init[969]: +----[SHA256]-----+
[    9.937960] cloud-init[969]: Generating public/private ecdsa key pair.
[    9.944637] cloud-init[969]: Your identification has been saved in /etc/ssh/ssh_host_ecdsa_key.
[    9.948078] cloud-init[969]: Your public key has been saved in /etc/ssh/ssh_host_ecdsa_key.pub.
[    9.954946] cloud-init[969]: The key fingerprint is:
[    9.958493] cloud-init[969]: SHA256:WXZoYjB2fENrERq7WTGQOnjvvGgPCCvuckFjZ94REBc root@ubuntu-xenial
[    9.968655] cloud-init[969]: The key's randomart image is:
[[0;32m  OK  [0m] Started Virtualbox guest utils.
[    9.981628] cloud-init[969]: +---[ECDSA 256]---+
[    9.985472] cloud-init[969]: |    ooEo++*.     |
[    9.993359] cloud-init[969]: |     o.+o+o*     |
[   10.004107] cloud-init[969]: |     . o=.O..    |
[   10.007438] cloud-init[969]: |  + + =. @ .     |
[   10.020640] cloud-init[969]: | o.= o +S        |
[   10.028485] cloud-init[969]: |  .o... .        |
[   10.033327] cloud-init[969]: |. ... .o         |
[   10.036474] cloud-init[969]: |o..   .oo        |
[   10.039502] cloud-init[969]: |o+   ...o.       |
[   10.045826] cloud-init[969]: +----[SHA256]-----+
[   10.048304] cloud-init[969]: Generating public/private ed25519 key pair.
[   10.050214] cloud-init[969]: Your identification has been saved in /etc/ssh/ssh_host_ed25519_key.
[   10.057897] cloud-init[969]: Your public key has been saved in /etc/ssh/ssh_host_ed25519_key.pub.
[   10.059481] cloud-init[969]: The key fingerprint is:
[   10.060921] cloud-init[969]: SHA256:qPjm7vv/L4901WCc0s8Y7YdEJ2rcQJHy0z/QBzv3hRA root@ubuntu-xenial
[   10.064439] cloud-init[969]: The key's randomart image is:
[   10.067720] cloud-init[969]: +--[ED25519 256]--+
[   10.083762] cloud-init[969]: |           .E+o .|
[   10.087015] cloud-init[969]: |          ..oB.= |
[   10.093457] cloud-init[969]: |           o=o@+.|
[   10.096413] cloud-init[969]: |       .   .o==@+|
[   10.100175] cloud-init[969]: |      . S    .=+X|
[   10.103615] cloud-init[969]: |   . .       . .+|
[   10.113709] cloud-init[969]: |  . .     . .   .|
[   10.115082] cloud-init[969]: |   ..    ..o     |
[   10.115935] cloud-init[969]: |   =*o....o+o    |
[   10.116864] cloud-init[969]: +----[SHA256]-----+
[[0;32m  OK  [0m] Started Snap Daemon.
         Starting Wait until snapd is fully seeded...
[[0;32m  OK  [0m] Started Pollinate to seed the pseudo random number generator.
         Starting OpenBSD Secure Shell server...
[[0;32m  OK  [0m] Started OpenBSD Secure Shell server.
[[0;32m  OK  [0m] Created slice User Slice of vagrant.
         Starting User Manager for UID 1000...
[[0;32m  OK  [0m] Started Session 1 of user vagrant.
[[0;32m  OK  [0m] Started User Manager for UID 1000.
[[0;32m  OK  [0m] Started Wait until snapd is fully seeded.
         Starting Apply the settings specified in cloud-config...
[[0;32m  OK  [0m] Reached target Multi-User System.
[[0;32m  OK  [0m] Reached target Graphical Interface.
         Starting Update UTMP about System Runlevel Changes...
[[0;32m  OK  [0m] Started Update UTMP about System Runlevel Changes.
[   13.197186] cloud-init[1407]: Generating locales (this might take a while)...
[   14.906823] cloud-init[1407]:   en_US.UTF-8... done
[   14.919474] cloud-init[1407]: Generation complete.
[   15.581046] cloud-init[1407]: Cloud-init v. 21.1-19-gbad84ad4-0ubuntu1~16.04.2 running 'modules:config' at Sun, 12 Dec 2021 03:07:32 +0000. Up 12.96 seconds.

Ubuntu 16.04.7 LTS ubuntu-xenial ttyS0

ubuntu-xenial login: ci-info: no authorized SSH keys fingerprints found for user ubuntu.
<14>Dec 12 03:07:36 ec2: 
<14>Dec 12 03:07:36 ec2: #############################################################
<14>Dec 12 03:07:36 ec2: -----BEGIN SSH HOST KEY FINGERPRINTS-----
<14>Dec 12 03:07:36 ec2: 1024 SHA256:R9+Mp1ufyFMaNT21AQ2GsWaTPgLt61pb6TdWBUuzTnQ root@ubuntu-xenial (DSA)
<14>Dec 12 03:07:36 ec2: 256 SHA256:WXZoYjB2fENrERq7WTGQOnjvvGgPCCvuckFjZ94REBc root@ubuntu-xenial (ECDSA)
<14>Dec 12 03:07:36 ec2: 256 SHA256:qPjm7vv/L4901WCc0s8Y7YdEJ2rcQJHy0z/QBzv3hRA root@ubuntu-xenial (ED25519)
<14>Dec 12 03:07:36 ec2: 2048 SHA256:zGgP4/SUQE9jo6EEOoMxB5zddQ5HDi6+2MeFZLRQOKA root@ubuntu-xenial (RSA)
<14>Dec 12 03:07:36 ec2: -----END SSH HOST KEY FINGERPRINTS-----
<14>Dec 12 03:07:36 ec2: #############################################################
-----BEGIN SSH HOST KEY KEYS-----
ecdsa-sha2-nistp256 AAAAE2VjZHNhLXNoYTItbmlzdHAyNTYAAAAIbmlzdHAyNTYAAABBBCd4QAZ4A4Y++ExDkT+ImFHkvtQDdU8GaTE/aCKOKGCV4t9ZEDwkJNLWHnL3Pm+vNI/TKEo8B6UT6x7TPG0Cws0= root@ubuntu-xenial
ssh-ed25519 AAAAC3NzaC1lZDI1NTE5AAAAIEoN8+/JszO+WynHhV8TjihpKqwG2zezNRQrQZtSZLQJ root@ubuntu-xenial
ssh-rsa AAAAB3NzaC1yc2EAAAADAQABAAABAQDzrWMAEMCG7jt68RCiE9+dtZcWuBdVUCmOrAEdfuCCYeOPo7guRxioyl/b1o1MsVJtICn5wuamOzn8DY1jbZmNv/qtVYaw3tAAXwcZAcyOIrbVerOPA9B/F3aVPHLIc+KYUdUKJyxVgLLT8WqQMpTO1zxrnCMrLKis/kUZujkoHvo2HTzrPHe0V9ote9tWOqApjnOFD/CdIwo87DoQ4l5tVcXYk6HKMtvPf865BWN3PBgV6OkdBSu7V9UHn7IhqYCwREOdABEPBcGzkfNYVqqlkmQdBdX0TWvqlg12AnxIm4SrDzMiicqo8N+kzbhPJEZOMJpEBh8ngW12uRvaRlQX root@ubuntu-xenial
-----END SSH HOST KEY KEYS-----
[   16.854809] cloud-init[1661]: Cloud-init v. 21.1-19-gbad84ad4-0ubuntu1~16.04.2 running 'modules:final' at Sun, 12 Dec 2021 03:07:36 +0000. Up 16.44 seconds.
[   16.860360] cloud-init[1661]: ci-info: no authorized SSH keys fingerprints found for user ubuntu.
[   16.861390] cloud-init[1661]: Cloud-init v. 21.1-19-gbad84ad4-0ubuntu1~16.04.2 finished at Sun, 12 Dec 2021 03:07:36 +0000. Datasource DataSourceNoCloud [seed=/dev/sdb][dsmode=net].  Up 16.83 seconds
